<?xml version="1.0" encoding="UTF-8"?>
<testng-results ignored="0" total="1" passed="1" failed="0" skipped="0">
  <reporter-output>
    <line>
      <![CDATA[Browser : chrome]]>
    </line>
    <line>
      <![CDATA[Url : https://www.target.com/]]>
    </line>
  </reporter-output>
  <suite started-at="2022-08-02T14:06:22 EDT" name="Target Test Suite" finished-at="2022-08-02T14:06:33 EDT" duration-ms="11456">
    <groups>
      <group name="cucumber">
        <method signature="AbstractTestNGCucumberTests.runScenario(io.cucumber.testng.PickleWrapper,io.cucumber.testng.FeatureWrapper)[pri:0, instance:runner.TestRunner@327bcebd]" name="runScenario" class="io.cucumber.testng.AbstractTestNGCucumberTests"/>
      </group> <!-- cucumber -->
    </groups>
    <test started-at="2022-08-02T14:06:22 EDT" name="Target Web Automation" finished-at="2022-08-02T14:06:33 EDT" duration-ms="11456">
      <class name="runner.TestRunner">
        <test-method is-config="true" signature="setUpClass(org.testng.ITestContext)[pri:0, instance:runner.TestRunner@327bcebd]" started-at="2022-08-02T14:06:22 EDT" name="setUpClass" finished-at="2022-08-02T14:06:22 EDT" duration-ms="519" status="PASS">
          <params>
            <param index="0">
              <value>
                <![CDATA[org.testng.TestRunner@7abeabe9]]>
              </value>
            </param>
          </params>
          <reporter-output>
          </reporter-output>
        </test-method> <!-- setUpClass -->
        <test-method signature="runScenario(io.cucumber.testng.PickleWrapper,io.cucumber.testng.FeatureWrapper)[pri:0, instance:runner.TestRunner@327bcebd]" started-at="2022-08-02T14:06:22 EDT" name="runScenario" description="Runs Cucumber Scenarios" data-provider="scenarios" finished-at="2022-08-02T14:06:31 EDT" duration-ms="9038" status="PASS">
          <params>
            <param index="0">
              <value>
                <![CDATA["SearchBox functionality should work with a valid product name"]]>
              </value>
            </param>
            <param index="1">
              <value>
                <![CDATA["SearchBox Functionality"]]>
              </value>
            </param>
          </params>
          <reporter-output>
            <line>
              <![CDATA[Browser : chrome]]>
            </line>
            <line>
              <![CDATA[Url : https://www.target.com/]]>
            </line>
          </reporter-output>
        </test-method> <!-- runScenario -->
        <test-method is-config="true" signature="tearDownClass()[pri:0, instance:runner.TestRunner@327bcebd]" started-at="2022-08-02T14:06:31 EDT" name="tearDownClass" finished-at="2022-08-02T14:06:33 EDT" duration-ms="1830" status="PASS">
          <reporter-output>
          </reporter-output>
        </test-method> <!-- tearDownClass -->
      </class> <!-- runner.TestRunner -->
    </test> <!-- Target Web Automation -->
  </suite> <!-- Target Test Suite -->
</testng-results>
